
2025/06/07 15:37:17 [32m/Users/patrikhuang/metaNode/hackathons/eth-for-babies-backend/internal/config/database.go:45
[0m[33m[0.096ms] [34;1m[rows:-][0m SELECT count(*) FROM sqlite_master WHERE type='table' AND name="users"

2025/06/07 15:37:17 [32m/Users/patrikhuang/metaNode/hackathons/eth-for-babies-backend/internal/config/database.go:45
[0m[33m[0.275ms] [34;1m[rows:3][0m SELECT sql FROM sqlite_master WHERE type IN ("table","index") AND tbl_name = "users" AND sql IS NOT NULL order by type = "table" desc

2025/06/07 15:37:17 [32m/Users/patrikhuang/metaNode/hackathons/eth-for-babies-backend/internal/config/database.go:45
[0m[33m[0.103ms] [34;1m[rows:-][0m SELECT * FROM `users` LIMIT 1

2025/06/07 15:37:17 [32m/Users/patrikhuang/metaNode/hackathons/eth-for-babies-backend/internal/config/database.go:45
[0m[33m[0.141ms] [34;1m[rows:-][0m SELECT count(*) FROM sqlite_master WHERE type = "table" AND tbl_name = "users" AND (sql LIKE "%CONSTRAINT \"chk_users_role\" %" OR sql LIKE "%CONSTRAINT chk_users_role %" OR sql LIKE "%CONSTRAINT `chk_users_role`%" OR sql LIKE "%CONSTRAINT [chk_users_role]%" OR sql LIKE "%CONSTRAINT 	chk_users_role	%")

2025/06/07 15:37:17 [32m/Users/patrikhuang/metaNode/hackathons/eth-for-babies-backend/internal/config/database.go:45
[0m[33m[0.050ms] [34;1m[rows:-][0m SELECT count(*) FROM sqlite_master WHERE type = "index" AND tbl_name = "users" AND name = "idx_users_wallet_address"

2025/06/07 15:37:17 [32m/Users/patrikhuang/metaNode/hackathons/eth-for-babies-backend/internal/config/database.go:45
[0m[33m[0.046ms] [34;1m[rows:-][0m SELECT count(*) FROM sqlite_master WHERE type = "index" AND tbl_name = "users" AND name = "idx_users_deleted_at"

2025/06/07 15:37:17 [32m/Users/patrikhuang/metaNode/hackathons/eth-for-babies-backend/internal/config/database.go:45
[0m[33m[0.048ms] [34;1m[rows:-][0m SELECT count(*) FROM sqlite_master WHERE type='table' AND name="children"

2025/06/07 15:37:17 [32m/Users/patrikhuang/metaNode/hackathons/eth-for-babies-backend/internal/config/database.go:45
[0m[33m[0.155ms] [34;1m[rows:3][0m SELECT sql FROM sqlite_master WHERE type IN ("table","index") AND tbl_name = "children" AND sql IS NOT NULL order by type = "table" desc

2025/06/07 15:37:17 [32m/Users/patrikhuang/metaNode/hackathons/eth-for-babies-backend/internal/config/database.go:45
[0m[33m[0.069ms] [34;1m[rows:-][0m SELECT * FROM `children` LIMIT 1

2025/06/07 15:37:17 [32m/Users/patrikhuang/metaNode/hackathons/eth-for-babies-backend/internal/config/database.go:45
[0m[33m[0.076ms] [34;1m[rows:-][0m SELECT count(*) FROM sqlite_master WHERE type = "table" AND tbl_name = "children" AND (sql LIKE "%CONSTRAINT \"fk_families_children\" %" OR sql LIKE "%CONSTRAINT fk_families_children %" OR sql LIKE "%CONSTRAINT `fk_families_children`%" OR sql LIKE "%CONSTRAINT [fk_families_children]%" OR sql LIKE "%CONSTRAINT 	fk_families_children	%")

2025/06/07 15:37:17 [32m/Users/patrikhuang/metaNode/hackathons/eth-for-babies-backend/internal/config/database.go:45
[0m[33m[0.079ms] [34;1m[rows:-][0m SELECT count(*) FROM sqlite_master WHERE type = "table" AND tbl_name = "children" AND (sql LIKE "%CONSTRAINT \"fk_users_children\" %" OR sql LIKE "%CONSTRAINT fk_users_children %" OR sql LIKE "%CONSTRAINT `fk_users_children`%" OR sql LIKE "%CONSTRAINT [fk_users_children]%" OR sql LIKE "%CONSTRAINT 	fk_users_children	%")

2025/06/07 15:37:17 [32m/Users/patrikhuang/metaNode/hackathons/eth-for-babies-backend/internal/config/database.go:45
[0m[33m[0.039ms] [34;1m[rows:-][0m SELECT count(*) FROM sqlite_master WHERE type = "index" AND tbl_name = "children" AND name = "idx_children_wallet_address"

2025/06/07 15:37:17 [32m/Users/patrikhuang/metaNode/hackathons/eth-for-babies-backend/internal/config/database.go:45
[0m[33m[0.040ms] [34;1m[rows:-][0m SELECT count(*) FROM sqlite_master WHERE type = "index" AND tbl_name = "children" AND name = "idx_children_deleted_at"

2025/06/07 15:37:17 [32m/Users/patrikhuang/metaNode/hackathons/eth-for-babies-backend/internal/config/database.go:45
[0m[33m[0.024ms] [34;1m[rows:-][0m SELECT count(*) FROM sqlite_master WHERE type='table' AND name="families"

2025/06/07 15:37:17 [32m/Users/patrikhuang/metaNode/hackathons/eth-for-babies-backend/internal/config/database.go:45
[0m[33m[2.778ms] [34;1m[rows:3][0m SELECT sql FROM sqlite_master WHERE type IN ("table","index") AND tbl_name = "families" AND sql IS NOT NULL order by type = "table" desc

2025/06/07 15:37:17 [32m/Users/patrikhuang/metaNode/hackathons/eth-for-babies-backend/internal/config/database.go:45
[0m[33m[0.044ms] [34;1m[rows:-][0m SELECT * FROM `families` LIMIT 1

2025/06/07 15:37:17 [32m/Users/patrikhuang/metaNode/hackathons/eth-for-babies-backend/internal/config/database.go:45
[0m[33m[0.043ms] [34;1m[rows:-][0m SELECT count(*) FROM sqlite_master WHERE type = "table" AND tbl_name = "families" AND (sql LIKE "%CONSTRAINT \"fk_children_family\" %" OR sql LIKE "%CONSTRAINT fk_children_family %" OR sql LIKE "%CONSTRAINT `fk_children_family`%" OR sql LIKE "%CONSTRAINT [fk_children_family]%" OR sql LIKE "%CONSTRAINT 	fk_children_family	%")

2025/06/07 15:37:17 [32m/Users/patrikhuang/metaNode/hackathons/eth-for-babies-backend/internal/config/database.go:45
[0m[33m[0.027ms] [34;1m[rows:-][0m SELECT count(*) FROM sqlite_master WHERE type = "table" AND tbl_name = "families" AND (sql LIKE "%CONSTRAINT \"fk_users_family\" %" OR sql LIKE "%CONSTRAINT fk_users_family %" OR sql LIKE "%CONSTRAINT `fk_users_family`%" OR sql LIKE "%CONSTRAINT [fk_users_family]%" OR sql LIKE "%CONSTRAINT 	fk_users_family	%")

2025/06/07 15:37:17 [32m/Users/patrikhuang/metaNode/hackathons/eth-for-babies-backend/internal/config/database.go:45
[0m[33m[0.020ms] [34;1m[rows:-][0m SELECT count(*) FROM sqlite_master WHERE type = "index" AND tbl_name = "families" AND name = "idx_families_parent_address"

2025/06/07 15:37:17 [32m/Users/patrikhuang/metaNode/hackathons/eth-for-babies-backend/internal/config/database.go:45
[0m[33m[0.021ms] [34;1m[rows:-][0m SELECT count(*) FROM sqlite_master WHERE type = "index" AND tbl_name = "families" AND name = "idx_families_deleted_at"

2025/06/07 15:37:17 [32m/Users/patrikhuang/metaNode/hackathons/eth-for-babies-backend/internal/config/database.go:45
[0m[33m[0.019ms] [34;1m[rows:-][0m SELECT count(*) FROM sqlite_master WHERE type='table' AND name="tasks"

2025/06/07 15:37:17 [32m/Users/patrikhuang/metaNode/hackathons/eth-for-babies-backend/internal/config/database.go:45
[0m[33m[0.081ms] [34;1m[rows:2][0m SELECT sql FROM sqlite_master WHERE type IN ("table","index") AND tbl_name = "tasks" AND sql IS NOT NULL order by type = "table" desc

2025/06/07 15:37:17 [32m/Users/patrikhuang/metaNode/hackathons/eth-for-babies-backend/internal/config/database.go:45
[0m[33m[0.051ms] [34;1m[rows:-][0m SELECT * FROM `tasks` LIMIT 1

2025/06/07 15:37:17 [32m/Users/patrikhuang/metaNode/hackathons/eth-for-babies-backend/internal/config/database.go:45
[0m[33m[0.046ms] [34;1m[rows:-][0m SELECT count(*) FROM sqlite_master WHERE type = "table" AND tbl_name = "tasks" AND (sql LIKE "%CONSTRAINT \"fk_children_tasks\" %" OR sql LIKE "%CONSTRAINT fk_children_tasks %" OR sql LIKE "%CONSTRAINT `fk_children_tasks`%" OR sql LIKE "%CONSTRAINT [fk_children_tasks]%" OR sql LIKE "%CONSTRAINT 	fk_children_tasks	%")

2025/06/07 15:37:17 [32m/Users/patrikhuang/metaNode/hackathons/eth-for-babies-backend/internal/config/database.go:45
[0m[33m[0.025ms] [34;1m[rows:-][0m SELECT count(*) FROM sqlite_master WHERE type = "table" AND tbl_name = "tasks" AND (sql LIKE "%CONSTRAINT \"fk_users_tasks\" %" OR sql LIKE "%CONSTRAINT fk_users_tasks %" OR sql LIKE "%CONSTRAINT `fk_users_tasks`%" OR sql LIKE "%CONSTRAINT [fk_users_tasks]%" OR sql LIKE "%CONSTRAINT 	fk_users_tasks	%")

2025/06/07 15:37:17 [32m/Users/patrikhuang/metaNode/hackathons/eth-for-babies-backend/internal/config/database.go:45
[0m[33m[0.024ms] [34;1m[rows:-][0m SELECT count(*) FROM sqlite_master WHERE type = "table" AND tbl_name = "tasks" AND (sql LIKE "%CONSTRAINT \"chk_tasks_difficulty\" %" OR sql LIKE "%CONSTRAINT chk_tasks_difficulty %" OR sql LIKE "%CONSTRAINT `chk_tasks_difficulty`%" OR sql LIKE "%CONSTRAINT [chk_tasks_difficulty]%" OR sql LIKE "%CONSTRAINT 	chk_tasks_difficulty	%")

2025/06/07 15:37:17 [32m/Users/patrikhuang/metaNode/hackathons/eth-for-babies-backend/internal/config/database.go:45
[0m[33m[0.025ms] [34;1m[rows:-][0m SELECT count(*) FROM sqlite_master WHERE type = "table" AND tbl_name = "tasks" AND (sql LIKE "%CONSTRAINT \"chk_tasks_status\" %" OR sql LIKE "%CONSTRAINT chk_tasks_status %" OR sql LIKE "%CONSTRAINT `chk_tasks_status`%" OR sql LIKE "%CONSTRAINT [chk_tasks_status]%" OR sql LIKE "%CONSTRAINT 	chk_tasks_status	%")

2025/06/07 15:37:17 [32m/Users/patrikhuang/metaNode/hackathons/eth-for-babies-backend/internal/config/database.go:45
[0m[33m[0.019ms] [34;1m[rows:-][0m SELECT count(*) FROM sqlite_master WHERE type = "index" AND tbl_name = "tasks" AND name = "idx_tasks_deleted_at"
[GIN-debug] [WARNING] Running in "debug" mode. Switch to "release" mode in production.
 - using env:	export GIN_MODE=release
 - using code:	gin.SetMode(gin.ReleaseMode)

[GIN-debug] GET    /api/v1/auth/nonce/:wallet_address --> eth-for-babies-backend/internal/api/handlers.(*AuthHandler).GetNonce-fm (4 handlers)
[GIN-debug] POST   /api/v1/auth/login        --> eth-for-babies-backend/internal/api/handlers.(*AuthHandler).Login-fm (4 handlers)
[GIN-debug] POST   /api/v1/auth/register     --> eth-for-babies-backend/internal/api/handlers.(*AuthHandler).Register-fm (4 handlers)
[GIN-debug] POST   /api/v1/auth/logout       --> eth-for-babies-backend/internal/api/handlers.(*AuthHandler).Logout-fm (5 handlers)
[GIN-debug] POST   /api/v1/families          --> eth-for-babies-backend/internal/api/handlers.(*FamilyHandler).CreateFamily-fm (6 handlers)
[GIN-debug] GET    /api/v1/families          --> eth-for-babies-backend/internal/api/handlers.(*FamilyHandler).GetFamilies-fm (5 handlers)
[GIN-debug] GET    /api/v1/families/:id      --> eth-for-babies-backend/internal/api/handlers.(*FamilyHandler).GetFamilyByID-fm (5 handlers)
[GIN-debug] PUT    /api/v1/families/:id      --> eth-for-babies-backend/internal/api/handlers.(*FamilyHandler).UpdateFamily-fm (6 handlers)
[GIN-debug] POST   /api/v1/children          --> eth-for-babies-backend/internal/api/handlers.(*ChildHandler).CreateChild-fm (6 handlers)
[GIN-debug] GET    /api/v1/children/my       --> eth-for-babies-backend/internal/api/handlers.(*ChildHandler).GetChildren-fm (5 handlers)
[GIN-debug] GET    /api/v1/children/:id      --> eth-for-babies-backend/internal/api/handlers.(*ChildHandler).GetChildByID-fm (5 handlers)
[GIN-debug] PUT    /api/v1/children/:id      --> eth-for-babies-backend/internal/api/handlers.(*ChildHandler).UpdateChild-fm (5 handlers)
[GIN-debug] GET    /api/v1/children/:id/progress --> eth-for-babies-backend/internal/api/handlers.(*ChildHandler).GetChildProgress-fm (5 handlers)
[GIN-debug] POST   /api/v1/tasks             --> eth-for-babies-backend/internal/api/handlers.(*TaskHandler).CreateTask-fm (6 handlers)
[GIN-debug] GET    /api/v1/tasks             --> eth-for-babies-backend/internal/api/handlers.(*TaskHandler).GetTasks-fm (5 handlers)
[GIN-debug] GET    /api/v1/tasks/:id         --> eth-for-babies-backend/internal/api/handlers.(*TaskHandler).GetTaskByID-fm (5 handlers)
[GIN-debug] PUT    /api/v1/tasks/:id         --> eth-for-babies-backend/internal/api/handlers.(*TaskHandler).UpdateTask-fm (6 handlers)
[GIN-debug] POST   /api/v1/tasks/:id/complete --> eth-for-babies-backend/internal/api/handlers.(*TaskHandler).CompleteTask-fm (6 handlers)
[GIN-debug] POST   /api/v1/tasks/:id/approve --> eth-for-babies-backend/internal/api/handlers.(*TaskHandler).ApproveTask-fm (6 handlers)
[GIN-debug] POST   /api/v1/tasks/:id/reject  --> eth-for-babies-backend/internal/api/handlers.(*TaskHandler).RejectTask-fm (6 handlers)
[GIN-debug] GET    /api/v1/contracts/balance/:address --> eth-for-babies-backend/internal/api/handlers.(*ContractHandler).GetBalance-fm (5 handlers)
[GIN-debug] POST   /api/v1/contracts/transfer --> eth-for-babies-backend/internal/api/handlers.(*ContractHandler).Transfer-fm (5 handlers)
[GIN-debug] GET    /api/v1/contracts/transactions/:hash --> eth-for-babies-backend/internal/api/handlers.(*ContractHandler).GetTransactionStatus-fm (5 handlers)
[GIN-debug] GET    /health                   --> eth-for-babies-backend/internal/api/routes.SetupRoutes.func1 (4 handlers)
2025/06/07 15:37:17 Server starting on port 8080
[GIN-debug] [WARNING] You trusted all proxies, this is NOT safe. We recommend you to set a value.
Please check https://pkg.go.dev/github.com/gin-gonic/gin#readme-don-t-trust-all-proxies for details.
[GIN-debug] Listening and serving HTTP on :8080
[GIN-debug] [ERROR] listen tcp :8080: bind: address already in use
2025/06/07 15:37:17 Failed to start server:listen tcp :8080: bind: address already in use
exit status 1
