yarn run v1.22.22
warning ../../package.json: No license field
$ vite

  VITE v5.4.8  ready in 1950 ms

  ➜  Local:   http://localhost:5173/
  ➜  Network: use --host to expose
Browserslist: caniuse-lite is outdated. Please run:
  npx update-browserslist-db@latest
  Why you should do it regularly: https://github.com/browserslist/update-db#readme
15:14:41 [vite] hmr update /src/context/TaskContext.tsx, /src/index.css
15:14:45 [vite] hmr invalidate /src/context/TaskContext.tsx Could not Fast Refresh ("useTask" export is incompatible). Learn more at https://github.com/vitejs/vite-plugin-react/tree/main/packages/plugin-react#consistent-components-exports
15:14:45 [vite] hmr update /src/App.tsx, /src/index.css, /src/pages/ParentDashboard.tsx, /src/pages/ChildDashboard.tsx, /src/pages/CreateTask.tsx
15:14:49 [vite] hmr update /src/context/TaskContext.tsx, /src/index.css
15:14:50 [vite] hmr invalidate /src/context/TaskContext.tsx Could not Fast Refresh ("useTask" export is incompatible). Learn more at https://github.com/vitejs/vite-plugin-react/tree/main/packages/plugin-react#consistent-components-exports
15:14:50 [vite] hmr update /src/App.tsx, /src/index.css, /src/pages/ParentDashboard.tsx, /src/pages/ChildDashboard.tsx, /src/pages/CreateTask.tsx
15:15:31 [vite] hmr update /src/context/TaskContext.tsx, /src/index.css
15:15:31 [vite] hmr invalidate /src/context/TaskContext.tsx Could not Fast Refresh ("useTask" export is incompatible). Learn more at https://github.com/vitejs/vite-plugin-react/tree/main/packages/plugin-react#consistent-components-exports
15:15:31 [vite] hmr update /src/App.tsx, /src/index.css, /src/pages/ParentDashboard.tsx, /src/pages/ChildDashboard.tsx, /src/pages/CreateTask.tsx
15:15:49 [vite] hmr update /src/context/TaskContext.tsx, /src/index.css
15:15:50 [vite] hmr invalidate /src/context/TaskContext.tsx Could not Fast Refresh ("useTask" export is incompatible). Learn more at https://github.com/vitejs/vite-plugin-react/tree/main/packages/plugin-react#consistent-components-exports
15:15:50 [vite] hmr update /src/App.tsx, /src/index.css, /src/pages/ParentDashboard.tsx, /src/pages/ChildDashboard.tsx, /src/pages/CreateTask.tsx
15:16:17 [vite] hmr update /src/pages/ParentDashboard.tsx, /src/index.css
15:16:26 [vite] hmr update /src/pages/ParentDashboard.tsx, /src/index.css
15:16:40 [vite] hmr update /src/pages/ParentDashboard.tsx, /src/index.css
15:16:52 [vite] hmr update /src/pages/ParentDashboard.tsx, /src/index.css
15:25:23 [vite] hmr update /src/context/TaskContext.tsx, /src/index.css
15:25:26 [vite] hmr invalidate /src/context/TaskContext.tsx Could not Fast Refresh ("useTask" export is incompatible). Learn more at https://github.com/vitejs/vite-plugin-react/tree/main/packages/plugin-react#consistent-components-exports
15:25:26 [vite] hmr update /src/App.tsx, /src/index.css, /src/pages/ParentDashboard.tsx, /src/pages/ChildDashboard.tsx, /src/pages/CreateTask.tsx
15:25:28 [vite] hmr update /src/context/TaskContext.tsx, /src/index.css
15:25:28 [vite] hmr update /src/context/TaskContext.tsx, /src/index.css
15:25:32 [vite] hmr invalidate /src/context/TaskContext.tsx Could not Fast Refresh ("useTask" export is incompatible). Learn more at https://github.com/vitejs/vite-plugin-react/tree/main/packages/plugin-react#consistent-components-exports
15:25:32 [vite] hmr update /src/App.tsx, /src/index.css, /src/pages/ParentDashboard.tsx, /src/pages/ChildDashboard.tsx, /src/pages/CreateTask.tsx
15:26:03 [vite] hmr update /src/context/TaskContext.tsx, /src/index.css
15:26:03 [vite] Internal server error: /Users/patrikhuang/metaNode/hackathons/eth-for-babies/src/context/TaskContext.tsx: Missing initializer in destructuring declaration. (90:37)

  88 |       setTasks([]);
  89 |     }
> 90 |   }, [isAuthenticated, user, address]);
     |                                      ^
  91 |
  92 |   const addTask = (taskData: Omit<Task, 'id' | 'createdAt' | 'updatedAt' | 'status'>) => {
  93 |     const newTask: Task = {
  Plugin: vite:react-babel
  File: /Users/patrikhuang/metaNode/hackathons/eth-for-babies/src/context/TaskContext.tsx:90:37
  88 |        setTasks([]);
  89 |      }
  90 |    }, [isAuthenticated, user, address]);
     |                                       ^
  91 |  
  92 |    const addTask = (taskData: Omit<Task, 'id' | 'createdAt' | 'updatedAt' | 'status'>) => {
      at constructor (/Users/patrikhuang/metaNode/hackathons/eth-for-babies/node_modules/@babel/parser/lib/index.js:362:19)
      at TypeScriptParserMixin.raise (/Users/patrikhuang/metaNode/hackathons/eth-for-babies/node_modules/@babel/parser/lib/index.js:3259:19)
      at TypeScriptParserMixin.parseVar (/Users/patrikhuang/metaNode/hackathons/eth-for-babies/node_modules/@babel/parser/lib/index.js:12867:16)
      at TypeScriptParserMixin.parseVarStatement (/Users/patrikhuang/metaNode/hackathons/eth-for-babies/node_modules/@babel/parser/lib/index.js:12710:10)
      at TypeScriptParserMixin.parseVarStatement (/Users/patrikhuang/metaNode/hackathons/eth-for-babies/node_modules/@babel/parser/lib/index.js:9127:31)
      at TypeScriptParserMixin.parseStatementContent (/Users/patrikhuang/metaNode/hackathons/eth-for-babies/node_modules/@babel/parser/lib/index.js:12326:23)
      at TypeScriptParserMixin.parseStatementContent (/Users/patrikhuang/metaNode/hackathons/eth-for-babies/node_modules/@babel/parser/lib/index.js:9157:18)
      at TypeScriptParserMixin.parseStatementLike (/Users/patrikhuang/metaNode/hackathons/eth-for-babies/node_modules/@babel/parser/lib/index.js:12243:17)
      at TypeScriptParserMixin.parseStatementListItem (/Users/patrikhuang/metaNode/hackathons/eth-for-babies/node_modules/@babel/parser/lib/index.js:12223:17)
      at TypeScriptParserMixin.parseBlockOrModuleBlockBody (/Users/patrikhuang/metaNode/hackathons/eth-for-babies/node_modules/@babel/parser/lib/index.js:12796:61)
      at TypeScriptParserMixin.parseBlockBody (/Users/patrikhuang/metaNode/hackathons/eth-for-babies/node_modules/@babel/parser/lib/index.js:12789:10)
      at TypeScriptParserMixin.parseBlock (/Users/patrikhuang/metaNode/hackathons/eth-for-babies/node_modules/@babel/parser/lib/index.js:12777:10)
      at TypeScriptParserMixin.parseFunctionBody (/Users/patrikhuang/metaNode/hackathons/eth-for-babies/node_modules/@babel/parser/lib/index.js:11620:24)
      at TypeScriptParserMixin.parseArrowExpression (/Users/patrikhuang/metaNode/hackathons/eth-for-babies/node_modules/@babel/parser/lib/index.js:11595:10)
      at TypeScriptParserMixin.parseParenAndDistinguishExpression (/Users/patrikhuang/metaNode/hackathons/eth-for-babies/node_modules/@babel/parser/lib/index.js:11208:12)
      at TypeScriptParserMixin.parseExprAtom (/Users/patrikhuang/metaNode/hackathons/eth-for-babies/node_modules/@babel/parser/lib/index.js:10849:23)
      at TypeScriptParserMixin.parseExprAtom (/Users/patrikhuang/metaNode/hackathons/eth-for-babies/node_modules/@babel/parser/lib/index.js:6811:20)
      at TypeScriptParserMixin.parseExprSubscripts (/Users/patrikhuang/metaNode/hackathons/eth-for-babies/node_modules/@babel/parser/lib/index.js:10591:23)
      at TypeScriptParserMixin.parseUpdate (/Users/patrikhuang/metaNode/hackathons/eth-for-babies/node_modules/@babel/parser/lib/index.js:10576:21)
      at TypeScriptParserMixin.parseMaybeUnary (/Users/patrikhuang/metaNode/hackathons/eth-for-babies/node_modules/@babel/parser/lib/index.js:10556:23)
      at TypeScriptParserMixin.parseMaybeUnary (/Users/patrikhuang/metaNode/hackathons/eth-for-babies/node_modules/@babel/parser/lib/index.js:9483:18)
      at TypeScriptParserMixin.parseMaybeUnaryOrPrivate (/Users/patrikhuang/metaNode/hackathons/eth-for-babies/node_modules/@babel/parser/lib/index.js:10410:61)
      at TypeScriptParserMixin.parseExprOps (/Users/patrikhuang/metaNode/hackathons/eth-for-babies/node_modules/@babel/parser/lib/index.js:10415:23)
      at TypeScriptParserMixin.parseMaybeConditional (/Users/patrikhuang/metaNode/hackathons/eth-for-babies/node_modules/@babel/parser/lib/index.js:10392:23)
      at TypeScriptParserMixin.parseMaybeAssign (/Users/patrikhuang/metaNode/hackathons/eth-for-babies/node_modules/@babel/parser/lib/index.js:10355:21)
      at TypeScriptParserMixin.parseMaybeAssign (/Users/patrikhuang/metaNode/hackathons/eth-for-babies/node_modules/@babel/parser/lib/index.js:9432:20)
      at /Users/patrikhuang/metaNode/hackathons/eth-for-babies/node_modules/@babel/parser/lib/index.js:10325:39
      at TypeScriptParserMixin.allowInAnd (/Users/patrikhuang/metaNode/hackathons/eth-for-babies/node_modules/@babel/parser/lib/index.js:11937:12)
      at TypeScriptParserMixin.parseMaybeAssignAllowIn (/Users/patrikhuang/metaNode/hackathons/eth-for-babies/node_modules/@babel/parser/lib/index.js:10325:17)
      at TypeScriptParserMixin.parseExprListItem (/Users/patrikhuang/metaNode/hackathons/eth-for-babies/node_modules/@babel/parser/lib/index.js:11695:18)
      at TypeScriptParserMixin.parseCallExpressionArguments (/Users/patrikhuang/metaNode/hackathons/eth-for-babies/node_modules/@babel/parser/lib/index.js:10770:22)
      at TypeScriptParserMixin.parseCoverCallAndAsyncArrowHead (/Users/patrikhuang/metaNode/hackathons/eth-for-babies/node_modules/@babel/parser/lib/index.js:10694:29)
      at TypeScriptParserMixin.parseSubscript (/Users/patrikhuang/metaNode/hackathons/eth-for-babies/node_modules/@babel/parser/lib/index.js:10631:19)
      at TypeScriptParserMixin.parseSubscript (/Users/patrikhuang/metaNode/hackathons/eth-for-babies/node_modules/@babel/parser/lib/index.js:8992:18)
      at TypeScriptParserMixin.parseSubscripts (/Users/patrikhuang/metaNode/hackathons/eth-for-babies/node_modules/@babel/parser/lib/index.js:10604:19)
      at TypeScriptParserMixin.parseExprSubscripts (/Users/patrikhuang/metaNode/hackathons/eth-for-babies/node_modules/@babel/parser/lib/index.js:10595:17)
      at TypeScriptParserMixin.parseUpdate (/Users/patrikhuang/metaNode/hackathons/eth-for-babies/node_modules/@babel/parser/lib/index.js:10576:21)
      at TypeScriptParserMixin.parseMaybeUnary (/Users/patrikhuang/metaNode/hackathons/eth-for-babies/node_modules/@babel/parser/lib/index.js:10556:23)
      at TypeScriptParserMixin.parseMaybeUnary (/Users/patrikhuang/metaNode/hackathons/eth-for-babies/node_modules/@babel/parser/lib/index.js:9483:18)
      at TypeScriptParserMixin.parseMaybeUnaryOrPrivate (/Users/patrikhuang/metaNode/hackathons/eth-for-babies/node_modules/@babel/parser/lib/index.js:10410:61)
      at TypeScriptParserMixin.parseExprOps (/Users/patrikhuang/metaNode/hackathons/eth-for-babies/node_modules/@babel/parser/lib/index.js:10415:23)
      at TypeScriptParserMixin.parseMaybeConditional (/Users/patrikhuang/metaNode/hackathons/eth-for-babies/node_modules/@babel/parser/lib/index.js:10392:23)
      at TypeScriptParserMixin.parseMaybeAssign (/Users/patrikhuang/metaNode/hackathons/eth-for-babies/node_modules/@babel/parser/lib/index.js:10355:21)
      at TypeScriptParserMixin.parseMaybeAssign (/Users/patrikhuang/metaNode/hackathons/eth-for-babies/node_modules/@babel/parser/lib/index.js:9432:20)
      at TypeScriptParserMixin.parseExpressionBase (/Users/patrikhuang/metaNode/hackathons/eth-for-babies/node_modules/@babel/parser/lib/index.js:10309:23)
      at /Users/patrikhuang/metaNode/hackathons/eth-for-babies/node_modules/@babel/parser/lib/index.js:10305:39
      at TypeScriptParserMixin.allowInAnd (/Users/patrikhuang/metaNode/hackathons/eth-for-babies/node_modules/@babel/parser/lib/index.js:11932:16)
      at TypeScriptParserMixin.parseExpression (/Users/patrikhuang/metaNode/hackathons/eth-for-babies/node_modules/@babel/parser/lib/index.js:10305:17)
      at TypeScriptParserMixin.parseStatementContent (/Users/patrikhuang/metaNode/hackathons/eth-for-babies/node_modules/@babel/parser/lib/index.js:12376:23)
      at TypeScriptParserMixin.parseStatementContent (/Users/patrikhuang/metaNode/hackathons/eth-for-babies/node_modules/@babel/parser/lib/index.js:9157:18)
15:26:20 [vite] hmr update /src/context/TaskContext.tsx, /src/index.css
15:26:20 [vite] Internal server error: /Users/patrikhuang/metaNode/hackathons/eth-for-babies/src/context/TaskContext.tsx: Missing initializer in destructuring declaration. (90:37)

  88 |       setTasks([]);
  89 |     }
> 90 |   }, [isAuthenticated, user, address]);
     |                                      ^
  91 |
  92 |   const addTask = (taskData: Omit<Task, 'id' | 'createdAt' | 'updatedAt' | 'status'>) => {
  93 |     const newTask: Task = {
  Plugin: vite:react-babel
  File: /Users/patrikhuang/metaNode/hackathons/eth-for-babies/src/context/TaskContext.tsx:90:37
  88 |        setTasks([]);
  89 |      }
  90 |    }, [isAuthenticated, user, address]);
     |                                       ^
  91 |  
  92 |    const addTask = (taskData: Omit<Task, 'id' | 'createdAt' | 'updatedAt' | 'status'>) => {
      at constructor (/Users/patrikhuang/metaNode/hackathons/eth-for-babies/node_modules/@babel/parser/lib/index.js:362:19)
      at TypeScriptParserMixin.raise (/Users/patrikhuang/metaNode/hackathons/eth-for-babies/node_modules/@babel/parser/lib/index.js:3259:19)
      at TypeScriptParserMixin.parseVar (/Users/patrikhuang/metaNode/hackathons/eth-for-babies/node_modules/@babel/parser/lib/index.js:12867:16)
      at TypeScriptParserMixin.parseVarStatement (/Users/patrikhuang/metaNode/hackathons/eth-for-babies/node_modules/@babel/parser/lib/index.js:12710:10)
      at TypeScriptParserMixin.parseVarStatement (/Users/patrikhuang/metaNode/hackathons/eth-for-babies/node_modules/@babel/parser/lib/index.js:9127:31)
      at TypeScriptParserMixin.parseStatementContent (/Users/patrikhuang/metaNode/hackathons/eth-for-babies/node_modules/@babel/parser/lib/index.js:12326:23)
      at TypeScriptParserMixin.parseStatementContent (/Users/patrikhuang/metaNode/hackathons/eth-for-babies/node_modules/@babel/parser/lib/index.js:9157:18)
      at TypeScriptParserMixin.parseStatementLike (/Users/patrikhuang/metaNode/hackathons/eth-for-babies/node_modules/@babel/parser/lib/index.js:12243:17)
      at TypeScriptParserMixin.parseStatementListItem (/Users/patrikhuang/metaNode/hackathons/eth-for-babies/node_modules/@babel/parser/lib/index.js:12223:17)
      at TypeScriptParserMixin.parseBlockOrModuleBlockBody (/Users/patrikhuang/metaNode/hackathons/eth-for-babies/node_modules/@babel/parser/lib/index.js:12796:61)
      at TypeScriptParserMixin.parseBlockBody (/Users/patrikhuang/metaNode/hackathons/eth-for-babies/node_modules/@babel/parser/lib/index.js:12789:10)
      at TypeScriptParserMixin.parseBlock (/Users/patrikhuang/metaNode/hackathons/eth-for-babies/node_modules/@babel/parser/lib/index.js:12777:10)
      at TypeScriptParserMixin.parseFunctionBody (/Users/patrikhuang/metaNode/hackathons/eth-for-babies/node_modules/@babel/parser/lib/index.js:11620:24)
      at TypeScriptParserMixin.parseArrowExpression (/Users/patrikhuang/metaNode/hackathons/eth-for-babies/node_modules/@babel/parser/lib/index.js:11595:10)
      at TypeScriptParserMixin.parseParenAndDistinguishExpression (/Users/patrikhuang/metaNode/hackathons/eth-for-babies/node_modules/@babel/parser/lib/index.js:11208:12)
      at TypeScriptParserMixin.parseExprAtom (/Users/patrikhuang/metaNode/hackathons/eth-for-babies/node_modules/@babel/parser/lib/index.js:10849:23)
      at TypeScriptParserMixin.parseExprAtom (/Users/patrikhuang/metaNode/hackathons/eth-for-babies/node_modules/@babel/parser/lib/index.js:6811:20)
      at TypeScriptParserMixin.parseExprSubscripts (/Users/patrikhuang/metaNode/hackathons/eth-for-babies/node_modules/@babel/parser/lib/index.js:10591:23)
      at TypeScriptParserMixin.parseUpdate (/Users/patrikhuang/metaNode/hackathons/eth-for-babies/node_modules/@babel/parser/lib/index.js:10576:21)
      at TypeScriptParserMixin.parseMaybeUnary (/Users/patrikhuang/metaNode/hackathons/eth-for-babies/node_modules/@babel/parser/lib/index.js:10556:23)
      at TypeScriptParserMixin.parseMaybeUnary (/Users/patrikhuang/metaNode/hackathons/eth-for-babies/node_modules/@babel/parser/lib/index.js:9483:18)
      at TypeScriptParserMixin.parseMaybeUnaryOrPrivate (/Users/patrikhuang/metaNode/hackathons/eth-for-babies/node_modules/@babel/parser/lib/index.js:10410:61)
      at TypeScriptParserMixin.parseExprOps (/Users/patrikhuang/metaNode/hackathons/eth-for-babies/node_modules/@babel/parser/lib/index.js:10415:23)
      at TypeScriptParserMixin.parseMaybeConditional (/Users/patrikhuang/metaNode/hackathons/eth-for-babies/node_modules/@babel/parser/lib/index.js:10392:23)
      at TypeScriptParserMixin.parseMaybeAssign (/Users/patrikhuang/metaNode/hackathons/eth-for-babies/node_modules/@babel/parser/lib/index.js:10355:21)
      at TypeScriptParserMixin.parseMaybeAssign (/Users/patrikhuang/metaNode/hackathons/eth-for-babies/node_modules/@babel/parser/lib/index.js:9432:20)
      at /Users/patrikhuang/metaNode/hackathons/eth-for-babies/node_modules/@babel/parser/lib/index.js:10325:39
      at TypeScriptParserMixin.allowInAnd (/Users/patrikhuang/metaNode/hackathons/eth-for-babies/node_modules/@babel/parser/lib/index.js:11937:12)
      at TypeScriptParserMixin.parseMaybeAssignAllowIn (/Users/patrikhuang/metaNode/hackathons/eth-for-babies/node_modules/@babel/parser/lib/index.js:10325:17)
      at TypeScriptParserMixin.parseExprListItem (/Users/patrikhuang/metaNode/hackathons/eth-for-babies/node_modules/@babel/parser/lib/index.js:11695:18)
      at TypeScriptParserMixin.parseCallExpressionArguments (/Users/patrikhuang/metaNode/hackathons/eth-for-babies/node_modules/@babel/parser/lib/index.js:10770:22)
      at TypeScriptParserMixin.parseCoverCallAndAsyncArrowHead (/Users/patrikhuang/metaNode/hackathons/eth-for-babies/node_modules/@babel/parser/lib/index.js:10694:29)
      at TypeScriptParserMixin.parseSubscript (/Users/patrikhuang/metaNode/hackathons/eth-for-babies/node_modules/@babel/parser/lib/index.js:10631:19)
      at TypeScriptParserMixin.parseSubscript (/Users/patrikhuang/metaNode/hackathons/eth-for-babies/node_modules/@babel/parser/lib/index.js:8992:18)
      at TypeScriptParserMixin.parseSubscripts (/Users/patrikhuang/metaNode/hackathons/eth-for-babies/node_modules/@babel/parser/lib/index.js:10604:19)
      at TypeScriptParserMixin.parseExprSubscripts (/Users/patrikhuang/metaNode/hackathons/eth-for-babies/node_modules/@babel/parser/lib/index.js:10595:17)
      at TypeScriptParserMixin.parseUpdate (/Users/patrikhuang/metaNode/hackathons/eth-for-babies/node_modules/@babel/parser/lib/index.js:10576:21)
      at TypeScriptParserMixin.parseMaybeUnary (/Users/patrikhuang/metaNode/hackathons/eth-for-babies/node_modules/@babel/parser/lib/index.js:10556:23)
      at TypeScriptParserMixin.parseMaybeUnary (/Users/patrikhuang/metaNode/hackathons/eth-for-babies/node_modules/@babel/parser/lib/index.js:9483:18)
      at TypeScriptParserMixin.parseMaybeUnaryOrPrivate (/Users/patrikhuang/metaNode/hackathons/eth-for-babies/node_modules/@babel/parser/lib/index.js:10410:61)
      at TypeScriptParserMixin.parseExprOps (/Users/patrikhuang/metaNode/hackathons/eth-for-babies/node_modules/@babel/parser/lib/index.js:10415:23)
      at TypeScriptParserMixin.parseMaybeConditional (/Users/patrikhuang/metaNode/hackathons/eth-for-babies/node_modules/@babel/parser/lib/index.js:10392:23)
      at TypeScriptParserMixin.parseMaybeAssign (/Users/patrikhuang/metaNode/hackathons/eth-for-babies/node_modules/@babel/parser/lib/index.js:10355:21)
      at TypeScriptParserMixin.parseMaybeAssign (/Users/patrikhuang/metaNode/hackathons/eth-for-babies/node_modules/@babel/parser/lib/index.js:9432:20)
      at TypeScriptParserMixin.parseExpressionBase (/Users/patrikhuang/metaNode/hackathons/eth-for-babies/node_modules/@babel/parser/lib/index.js:10309:23)
      at /Users/patrikhuang/metaNode/hackathons/eth-for-babies/node_modules/@babel/parser/lib/index.js:10305:39
      at TypeScriptParserMixin.allowInAnd (/Users/patrikhuang/metaNode/hackathons/eth-for-babies/node_modules/@babel/parser/lib/index.js:11932:16)
      at TypeScriptParserMixin.parseExpression (/Users/patrikhuang/metaNode/hackathons/eth-for-babies/node_modules/@babel/parser/lib/index.js:10305:17)
      at TypeScriptParserMixin.parseStatementContent (/Users/patrikhuang/metaNode/hackathons/eth-for-babies/node_modules/@babel/parser/lib/index.js:12376:23)
      at TypeScriptParserMixin.parseStatementContent (/Users/patrikhuang/metaNode/hackathons/eth-for-babies/node_modules/@babel/parser/lib/index.js:9157:18)
15:26:35 [vite] hmr update /src/context/TaskContext.tsx, /src/index.css
15:26:36 [vite] hmr invalidate /src/context/TaskContext.tsx Could not Fast Refresh ("useTask" export is incompatible). Learn more at https://github.com/vitejs/vite-plugin-react/tree/main/packages/plugin-react#consistent-components-exports
15:26:36 [vite] hmr update /src/App.tsx, /src/index.css, /src/pages/ParentDashboard.tsx, /src/pages/ChildDashboard.tsx, /src/pages/CreateTask.tsx
15:26:43 [vite] hmr update /src/context/TaskContext.tsx, /src/index.css
15:26:43 [vite] hmr invalidate /src/context/TaskContext.tsx Could not Fast Refresh ("useTask" export is incompatible). Learn more at https://github.com/vitejs/vite-plugin-react/tree/main/packages/plugin-react#consistent-components-exports
15:26:43 [vite] hmr update /src/App.tsx, /src/index.css, /src/pages/ParentDashboard.tsx, /src/pages/ChildDashboard.tsx, /src/pages/CreateTask.tsx
15:27:05 [vite] hmr update /src/context/TaskContext.tsx, /src/index.css
15:27:05 [vite] hmr invalidate /src/context/TaskContext.tsx Could not Fast Refresh ("useTask" export is incompatible). Learn more at https://github.com/vitejs/vite-plugin-react/tree/main/packages/plugin-react#consistent-components-exports
15:27:06 [vite] hmr update /src/App.tsx, /src/index.css, /src/pages/ParentDashboard.tsx, /src/pages/ChildDashboard.tsx, /src/pages/CreateTask.tsx
15:27:22 [vite] hmr update /src/context/TaskContext.tsx, /src/index.css
15:27:23 [vite] hmr invalidate /src/context/TaskContext.tsx Could not Fast Refresh ("useTask" export is incompatible). Learn more at https://github.com/vitejs/vite-plugin-react/tree/main/packages/plugin-react#consistent-components-exports
15:27:23 [vite] hmr update /src/App.tsx, /src/index.css, /src/pages/ParentDashboard.tsx, /src/pages/ChildDashboard.tsx, /src/pages/CreateTask.tsx
